#
# There is insufficient memory for the Java Runtime Environment to continue.
# Native memory allocation (mmap) failed to map 117440512 bytes. Error detail: G1 virtual space
# Possible reasons:
#   The system is out of physical RAM or swap space
#   This process is running with CompressedOops enabled, and the Java Heap may be blocking the growth of the native heap
# Possible solutions:
#   Reduce memory load on the system
#   Increase physical memory or swap space
#   Check if swap backing store is full
#   Decrease Java heap size (-Xmx/-Xms)
#   Decrease number of Java threads
#   Decrease Java thread stack sizes (-Xss)
#   Set larger code cache with -XX:ReservedCodeCacheSize=
#   JVM is running with Unscaled Compressed Oops mode in which the Java heap is
#     placed in the first 4GB address space. The Java Heap base address is the
#     maximum limit for the native heap growth. Please use -XX:HeapBaseMinAddress
#     to set the Java Heap base and to place the Java Heap above 4GB virtual address.
# This output file may be truncated or incomplete.
#
#  Out of Memory Error (os_windows.cpp:3631), pid=20264, tid=6952
#
# JRE version:  (22.0.2+9) (build )
# Java VM: Java HotSpot(TM) 64-Bit Server VM (22.0.2+9-70, mixed mode, sharing, tiered, compressed oops, compressed class ptrs, g1 gc, windows-amd64)
# No core dump will be written. Minidumps are not enabled by default on client versions of Windows
#

---------------  S U M M A R Y ------------

Command Line: C:\Users\mervi\AppData\Local\Temp\surefire15541536184665016186\surefirebooter-20240830215629614_3.jar C:\Users\mervi\AppData\Local\Temp\surefire15541536184665016186 2024-08-30T21-56-28_786-jvmRun1 surefire-20240830215629614_1tmp surefire_0-20240830215629614_2tmp

Host: AMD Ryzen 5 3500U with Radeon Vega Mobile Gfx  , 8 cores, 6G,  Windows 11 , 64 bit Build 22621 (10.0.22621.3958)
Time: Fri Aug 30 21:56:29 2024 SE Asia Standard Time elapsed time: 0.026431 seconds (0d 0h 0m 0s)

---------------  T H R E A D  ---------------

Current thread (0x000002a1883a5650):  JavaThread "Unknown thread" [_thread_in_vm, id=6952, stack(0x000000b4c6a00000,0x000000b4c6b00000) (1024K)]

Stack: [0x000000b4c6a00000,0x000000b4c6b00000]
Native frames: (J=compiled Java code, j=interpreted, Vv=VM code, C=native code)
V  [jvm.dll+0x6e26e9]  (no source info available)
V  [jvm.dll+0x875753]  (no source info available)
V  [jvm.dll+0x877b7e]  (no source info available)
V  [jvm.dll+0x878253]  (no source info available)
V  [jvm.dll+0x27fc86]  (no source info available)
V  [jvm.dll+0x6ded85]  (no source info available)
V  [jvm.dll+0x6d388a]  (no source info available)
V  [jvm.dll+0x358b8a]  (no source info available)
V  [jvm.dll+0x3610b6]  (no source info available)
V  [jvm.dll+0x3b419e]  (no source info available)
V  [jvm.dll+0x3b4448]  (no source info available)
V  [jvm.dll+0x32c5ec]  (no source info available)
V  [jvm.dll+0x32d258]  (no source info available)
V  [jvm.dll+0x83d5ac]  (no source info available)
V  [jvm.dll+0x3c10d1]  (no source info available)
V  [jvm.dll+0x8264cc]  (no source info available)
V  [jvm.dll+0x45bd5e]  (no source info available)
V  [jvm.dll+0x45dbe1]  (no source info available)
C  [jli.dll+0x52a3]  (no source info available)
C  [ucrtbase.dll+0x29333]  (no source info available)
C  [KERNEL32.DLL+0x1257d]  (no source info available)
C  [ntdll.dll+0x5af28]  (no source info available)


---------------  P R O C E S S  ---------------

Threads class SMR info:
_java_thread_list=0x00007ff88ee4c1c8, length=0, elements={
}

Java Threads: ( => current thread )
Total: 0

Other Threads:
  0x000002a18a613cb0 WorkerThread "GC Thread#0"                     [id=1628, stack(0x000000b4c6b00000,0x000000b4c6c00000) (1024K)]
  0x000002a18a622c50 ConcurrentGCThread "G1 Main Marker"            [id=19832, stack(0x000000b4c6c00000,0x000000b4c6d00000) (1024K)]
  0x000002a18a6240b0 WorkerThread "G1 Conc#0"                       [id=9544, stack(0x000000b4c6d00000,0x000000b4c6e00000) (1024K)]

[error occurred during error reporting (printing all threads), id 0xc0000005, EXCEPTION_ACCESS_VIOLATION (0xc0000005) at pc=0x00007ff88e59f517]
VM state: not at safepoint (not fully initialized)

VM Mutex/Monitor currently owned by a thread:  ([mutex/lock_event])
[0x00007ff88eeccc80] Heap_lock - owner thread: 0x000002a1883a5650

Heap address: 0x0000000091000000, size: 1776 MB, Compressed Oops mode: 32-bit

CDS archive(s) mapped at: [0x0000000000000000-0x0000000000000000-0x0000000000000000), size 0, SharedBaseAddress: 0x0000000800000000, ArchiveRelocationMode: 1.
Narrow klass base: 0x0000000000000000, Narrow klass shift: 0, Narrow klass range: 0x0

GC Precious Log:
 CardTable entry size: 512
 Card Set container configuration: InlinePtr #cards 5 size 8 Array Of Cards #cards 12 size 40 Howl #buckets 4 coarsen threshold 1843 Howl Bitmap #cards 512 size 80 coarsen threshold 460 Card regions per heap region 1 cards per card region 2048

Heap:
 garbage-first heap   total reserved 1818624K, committed 0K, used 0K [0x0000000091000000, 0x0000000100000000)
  region size 1024K, 0 young (0K), 0 survivors (0K)

[error occurred during error reporting (printing heap information), id 0xc0000005, EXCEPTION_ACCESS_VIOLATION (0xc0000005) at pc=0x00007ff88e99e869]
GC Heap History (0 events):
No events

Dll operation events (1 events):
Event: 0.015 Loaded shared library C:\Program Files\Java\jdk-22\bin\java.dll

Deoptimization events (0 events):
No events

Classes loaded (0 events):
No events

Classes unloaded (0 events):
No events

Classes redefined (0 events):
No events

Internal exceptions (0 events):
No events

ZGC Phase Switch (0 events):
No events

VM Operations (0 events):
No events

Memory protections (0 events):
No events

Nmethod flushes (0 events):
No events

Events (0 events):
No events


Dynamic libraries:
0x00007ff786970000 - 0x00007ff786980000 	C:\Program Files\Java\jdk-22\bin\java.exe
0x00007ff903490000 - 0x00007ff9036a7000 	C:\WINDOWS\SYSTEM32\ntdll.dll
0x00007ff902560000 - 0x00007ff902624000 	C:\WINDOWS\System32\KERNEL32.DLL
0x00007ff900c40000 - 0x00007ff900fed000 	C:\WINDOWS\System32\KERNELBASE.dll
0x00007ff9007b0000 - 0x00007ff9008c1000 	C:\WINDOWS\System32\ucrtbase.dll
0x00007ff8f6fa0000 - 0x00007ff8f6fbb000 	C:\Program Files\Java\jdk-22\bin\VCRUNTIME140.dll
0x00007ff8f4280000 - 0x00007ff8f4297000 	C:\Program Files\Java\jdk-22\bin\jli.dll
0x00007ff902630000 - 0x00007ff9027de000 	C:\WINDOWS\System32\USER32.dll
0x00007ff900c10000 - 0x00007ff900c36000 	C:\WINDOWS\System32\win32u.dll
0x00007ff8e2c00000 - 0x00007ff8e2e93000 	C:\WINDOWS\WinSxS\amd64_microsoft.windows.common-controls_6595b64144ccf1df_6.0.22621.3672_none_2713b9d173822955\COMCTL32.dll
0x00007ff9014d0000 - 0x00007ff9014f9000 	C:\WINDOWS\System32\GDI32.dll
0x00007ff901420000 - 0x00007ff9014c7000 	C:\WINDOWS\System32\msvcrt.dll
0x00007ff900af0000 - 0x00007ff900c09000 	C:\WINDOWS\System32\gdi32full.dll
0x00007ff900ff0000 - 0x00007ff90108a000 	C:\WINDOWS\System32\msvcp_win.dll
0x00007ff901820000 - 0x00007ff901851000 	C:\WINDOWS\System32\IMM32.DLL
0x00007ff8f6e70000 - 0x00007ff8f6e7c000 	C:\Program Files\Java\jdk-22\bin\vcruntime140_1.dll
0x00007ff8cca40000 - 0x00007ff8ccace000 	C:\Program Files\Java\jdk-22\bin\msvcp140.dll
0x00007ff88e260000 - 0x00007ff88efa9000 	C:\Program Files\Java\jdk-22\bin\server\jvm.dll
0x00007ff902870000 - 0x00007ff902922000 	C:\WINDOWS\System32\ADVAPI32.dll
0x00007ff9030f0000 - 0x00007ff903199000 	C:\WINDOWS\System32\sechost.dll
0x00007ff900ac0000 - 0x00007ff900ae8000 	C:\WINDOWS\System32\bcrypt.dll
0x00007ff901300000 - 0x00007ff901414000 	C:\WINDOWS\System32\RPCRT4.dll
0x00007ff903320000 - 0x00007ff903391000 	C:\WINDOWS\System32\WS2_32.dll
0x00007ff8f53d0000 - 0x00007ff8f53da000 	C:\WINDOWS\SYSTEM32\VERSION.dll
0x00007ff900680000 - 0x00007ff9006cd000 	C:\WINDOWS\SYSTEM32\POWRPROF.dll
0x00007ff8fd220000 - 0x00007ff8fd254000 	C:\WINDOWS\SYSTEM32\WINMM.dll
0x00007ff900660000 - 0x00007ff900673000 	C:\WINDOWS\SYSTEM32\UMPDC.dll
0x00007ff8ff7c0000 - 0x00007ff8ff7d8000 	C:\WINDOWS\SYSTEM32\kernel.appcore.dll
0x00007ff8f6750000 - 0x00007ff8f675a000 	C:\Program Files\Java\jdk-22\bin\jimage.dll
0x00007ff8fdc10000 - 0x00007ff8fde42000 	C:\WINDOWS\SYSTEM32\DBGHELP.DLL
0x00007ff9021c0000 - 0x00007ff90254e000 	C:\WINDOWS\System32\combase.dll
0x00007ff901210000 - 0x00007ff9012e7000 	C:\WINDOWS\System32\OLEAUT32.dll
0x00007ff8f6400000 - 0x00007ff8f6432000 	C:\WINDOWS\SYSTEM32\dbgcore.DLL
0x00007ff9008d0000 - 0x00007ff90094b000 	C:\WINDOWS\System32\bcryptPrimitives.dll
0x00007ff8f61d0000 - 0x00007ff8f61ee000 	C:\Program Files\Java\jdk-22\bin\java.dll
0x00007ff901950000 - 0x00007ff9021b7000 	C:\WINDOWS\System32\SHELL32.dll
0x00007ff901670000 - 0x00007ff901815000 	C:\WINDOWS\System32\ole32.dll

dbghelp: loaded successfully - version: 4.0.5 - missing functions: none
symbol engine: initialized successfully - sym options: 0x614 - pdb path: .;C:\Program Files\Java\jdk-22\bin;C:\WINDOWS\SYSTEM32;C:\WINDOWS\WinSxS\amd64_microsoft.windows.common-controls_6595b64144ccf1df_6.0.22621.3672_none_2713b9d173822955;C:\Program Files\Java\jdk-22\bin\server

VM Arguments:
java_command: C:\Users\mervi\AppData\Local\Temp\surefire15541536184665016186\surefirebooter-20240830215629614_3.jar C:\Users\mervi\AppData\Local\Temp\surefire15541536184665016186 2024-08-30T21-56-28_786-jvmRun1 surefire-20240830215629614_1tmp surefire_0-20240830215629614_2tmp
java_class_path (initial): C:\Users\mervi\AppData\Local\Temp\surefire15541536184665016186\surefirebooter-20240830215629614_3.jar
Launcher Type: SUN_STANDARD

[Global flags]
     intx CICompilerCount                          = 4                                         {product} {ergonomic}
     uint ConcGCThreads                            = 2                                         {product} {ergonomic}
     uint G1ConcRefinementThreads                  = 8                                         {product} {ergonomic}
   size_t G1HeapRegionSize                         = 1048576                                   {product} {ergonomic}
   size_t InitialHeapSize                          = 117440512                                 {product} {ergonomic}
   size_t MarkStackSize                            = 4194304                                   {product} {ergonomic}
   size_t MaxHeapSize                              = 1862270976                                {product} {ergonomic}
   size_t MinHeapDeltaBytes                        = 1048576                                   {product} {ergonomic}
   size_t MinHeapSize                              = 8388608                                   {product} {ergonomic}
    uintx NonNMethodCodeHeapSize                   = 5839372                                {pd product} {ergonomic}
    uintx NonProfiledCodeHeapSize                  = 122909434                              {pd product} {ergonomic}
    uintx ProfiledCodeHeapSize                     = 122909434                              {pd product} {ergonomic}
    uintx ReservedCodeCacheSize                    = 251658240                              {pd product} {ergonomic}
     bool SegmentedCodeCache                       = true                                      {product} {ergonomic}
   size_t SoftMaxHeapSize                          = 1862270976                             {manageable} {ergonomic}
     bool UseCompressedOops                        = true                           {product lp64_product} {ergonomic}
     bool UseG1GC                                  = true                                      {product} {ergonomic}
     bool UseLargePagesIndividualAllocation        = false                                  {pd product} {ergonomic}

Logging:
Log output configuration:
 #0: stdout all=warning uptime,level,tags foldmultilines=false
 #1: stderr all=off uptime,level,tags foldmultilines=false

Environment Variables:
JAVA_HOME=C:\Program Files\Java\jdk-22
PATH=C:\Program Files\WindowsApps\Microsoft.PowerShell_7.4.5.0_x64__8wekyb3d8bbwe;C:\Users\mervi\AppData\Local\cloud-code\installer\google-cloud-sdk\bin;C:\Program Files\WindowsApps\Microsoft.PowerShell_7.4.5.0_x64__8wekyb3d8bbwe;C:\Program Files\Common Files\Oracle\Java\javapath;C:\WINDOWS\system32;C:\WINDOWS;C:\WINDOWS\System32\Wbem;C:\WINDOWS\System32\WindowsPowerShell\v1.0\;C:\WINDOWS\System32\OpenSSH\;C:\Program Files\dotnet\;C:\FPC\3.2.0\bin\i386-Win32;C:\Program Files\Microsoft SQL Server\130\Tools\Binn\;C:\Program Files (x86)\dotnet\;C:\xampp\php;C:\FFmpeg\bin;C:\ProgramData\chocolatey\bin;C:\Gradle\gradle-7.5.1\bin;C:\Program Files\Arduino IDE;C:\Program Files\mongosh-1.8.0-win32-x64\bin;C:\Program Files\Git\cmd;C:\Program Files\mongodb-database-tools-windows-x86_64-100.7.2\bin;C:\Users\mervi\AppData\Local\Packages\PythonSoftwareFoundation.Python.3.11_qbz5n2kfra8p0\LocalCache\local-packages\Python311\Scripts;C:\WebDriver;C:\Program Files\Go\bin;C:\ProgramData\ComposerSetup\bin;C:\Users\mervi\AppData\Roaming\nvm;C:\Program Files\nodejs;C:\Program Files\PuTTY\;C:\Program Files\MiKTeX\miktex\bin\x64\;C:\Program Files\Java\jdk-22;C:\Users\mervi\AppData\Local\pnpm;C:\Users\mervi\AppData\Local\Programs\Python\Python39\Scripts\;C:\Users\mervi\AppData\Local\Programs\Python\Python39\;C:\laragon\bin;C:\laragon\bin\apache\httpd-2.4.54-win64-VS16\bin;C:\laragon\bin\composer;C:\laragon\bin\git\bin;C:\laragon\bin\git\cmd;C:\laragon\bin\git\mingw64\bin;C:\laragon\bin\git\usr\bin;C:\laragon\bin\laragon\utils;C:\laragon\bin\mysql\mysql-8.0.30-winx64\bin;C:\laragon\bin\nginx\nginx-1.22.0;C:\laragon\bin\ngrok;C:\laragon\bin\nodejs;C:\laragon\bin\notepad++;C:\laragon\bin\php\php-8.2.15-nts-Win32-vs16-x64;C:\laragon\bin\python\python-3.10;C:\laragon\bin\python\python-3.10\Scripts;C:\laragon\bin\redis\redis-x64-5.0.14.1;C:\laragon\bin\telnet;C:\laragon\usr\bin;C:\Users\mervi\AppData\Local\Yarn\config\global\node_modules\.bin;C:\Users\mervi\AppData\Roaming\Composer\vendor\bin;C:\Users\mervi\AppData\Roaming\npm;C:\Users\mervi\AppData\Local\pnpm;C:\Users\mervi\AppData\Local\Microsoft\WindowsApps;C:\Users\mervi\AppData\Local\Programs\Microsoft VS Code\bin;C:\WINDOWS\system32;C:\WINDOWS;C:\gnu\glo663wb\bin;C:\gnu\ctags58\ctags58;C:\msys64\mingw64\bin;C:\Users\mervi\AppData\Local\GitHubDesktop\bin;C:\Program Files\apache-maven-3.9.9\bin;C:\Users\mervi\AppData\Local\Android\Sdk\platform-tools;C:\Gradle\gradle-7.5.1\bin;C:\Users\mervi\AppData\Roaming\nvm;C:\Program Files\nodejs;C:\Users\mervi\.fly\bin;C:\Users\mervi\AppData\Roaming\nvm;C:\Program Files\nodejs;C:\Program Files\JetBrains\PhpStorm 2023.3.4\bin;;C:\Program Files\PostgreSQL\16\bin\;C:\Program Files\JetBrains\DataGrip 2024.1.2\bin;;C:\Users\mervi\.dotnet\tools;C:\Users\mervi\.bun\bin;$JAVA_HOME%;
USERNAME=mervi
LANG=en_US.UTF-8
OS=Windows_NT
PROCESSOR_IDENTIFIER=AMD64 Family 23 Model 24 Stepping 1, AuthenticAMD
TMP=C:\Users\mervi\AppData\Local\Temp
TEMP=C:\Users\mervi\AppData\Local\Temp




Periodic native trim disabled

---------------  S Y S T E M  ---------------

OS:
 Windows 11 , 64 bit Build 22621 (10.0.22621.3958)
OS uptime: 0 days 4:02 hours
Hyper-V role detected

CPU: total 8 (initial active 8) (8 cores per cpu, 2 threads per core) family 23 model 24 stepping 1 microcode 0x0, cx8, cmov, fxsr, ht, mmx, 3dnowpref, sse, sse2, sse3, ssse3, sse4a, sse4.1, sse4.2, popcnt, lzcnt, tsc, tscinvbit, avx, avx2, aes, clmul, bmi1, bmi2, adx, sha, fma, vzeroupper, clflush, clflushopt, hv, rdtscp, f16c
Processor Information for all 8 processors :
  Max Mhz: 2100, Current Mhz: 2100, Mhz Limit: 2100

Memory: 4k page, system-wide physical 7103M (394M free)
TotalPageFile size 17343M (AvailPageFile size 66M)
current process WorkingSet (physical memory assigned to process): 12M, peak: 12M
current process commit charge ("private bytes"): 60M, peak: 172M

vm_info: Java HotSpot(TM) 64-Bit Server VM (22.0.2+9-70) for windows-amd64 JRE (22.0.2+9-70), built on 2024-06-04T16:52:23Z by "mach5one" with MS VC++ 17.6 (VS2022)

END.
